2025-04-08 22:27:13.260091 - Received CBT.V508.FILE029.PDS from FILE029.XMI 
2025-04-08 22:27:13.262164 - Found $$$#DATE.txt (text/plain) in CBT.V508.FILE029.PDS, moved to PDS/$$$#DATE
2025-04-08 22:27:13.262861 - Found $ICKDSF.txt (text/plain) in CBT.V508.FILE029.PDS, moved to PDS/$ICKDSF
2025-04-08 22:27:13.263515 - Found $RECEIVE.jcl (text/plain) in CBT.V508.FILE029.PDS, moved to PDS/$RECEIVE
2025-04-08 22:27:13.264175 - Found @FILE029.txt (text/plain) in CBT.V508.FILE029.PDS, moved to PDS/@FILE029
2025-04-08 22:27:13.264797 - Found DISKMAP.jcl (text/plain) in CBT.V508.FILE029.PDS, moved to PDS/DISKMAP
2025-04-08 22:27:13.265352 - Found IEHLIST.jcl (text/plain) in CBT.V508.FILE029.PDS, moved to PDS/IEHLIST
2025-04-08 22:27:13.265994 - Found IXVTOC.jcl (text/plain) in CBT.V508.FILE029.PDS, moved to PDS/IXVTOC
2025-04-08 22:27:13.266692 - Found LOADLIB.xmi (application/xmit) in CBT.V508.FILE029.PDS, moved to PDS/LOADLIB.xmi
2025-04-08 22:27:13.283919 - Received SBGOLOB.FILE029.LOADLIB from LOADLIB.xmi 
2025-04-08 22:27:13.285039 - Found AUCMD.bin (application/octet-stream) in SBGOLOB.FILE029.LOADLIB, moved to LOADLIB/AUCMD
2025-04-08 22:27:13.285738 - Found DISKMAP.bin (application/octet-stream) in SBGOLOB.FILE029.LOADLIB, moved to LOADLIB/DISKMAP
2025-04-08 22:27:13.286362 - Found ZAP.bin (application/octet-stream) in SBGOLOB.FILE029.LOADLIB, moved to LOADLIB/ZAP
2025-04-08 22:27:13.286662 - Found alias ZAP$ to ZAP in SBGOLOB.FILE029.LOADLIB, moved to PDS/ZAP$
2025-04-08 22:27:13.287629 - Found NARRATIV.txt (text/plain) in CBT.V508.FILE029.PDS, moved to PDS/NARRATIV
2025-04-08 22:27:13.288291 - Found OSVTOC.jcl (text/plain) in CBT.V508.FILE029.PDS, moved to PDS/OSVTOC
2025-04-08 22:27:13.288889 - Found VTEXALLC.jcl (text/plain) in CBT.V508.FILE029.PDS, moved to PDS/VTEXALLC
2025-04-08 22:27:13.289481 - Found VTOCDES$.jcl (text/plain) in CBT.V508.FILE029.PDS, moved to PDS/VTOCDES$
2025-04-08 22:27:13.290048 - Found VTOCDESC.txt (text/plain) in CBT.V508.FILE029.PDS, moved to PDS/VTOCDESC
2025-04-08 22:27:13.290693 - Found ZAPINSTR.txt (text/plain) in CBT.V508.FILE029.PDS, moved to PDS/ZAPINSTR
